1710711559231:author-sm
1710711598103:author-i
1710714789729:genre-sm
1710714832132:authors-sm
1710714847088:author-sm
1710714861839:exit
1710714976420:author-sm
1710714980300:genre-sm
1710721833695:book-sm
1710722003648:author-sm
1710722028243:genre-sm
1710722047002:book-sm
1710722260084:author-sm
1710722264894:genre-sm
1710722269589:book-sm
1710722960010:author-sm
1710722963830:genre-sm
1710722967079:book-sm
1710722972931:book-i
1710723161321:author-sm
1710723165614:genre-sm
1710723168460:book-sm
1710723276986:author-sm
1710723280791:genre-sm
1710723283543:book-sm
1710723381640:genre-sm
1710723596319:author-sm
1710723607888:book-sm
